[0.437s] Invoking command in '/home/yukihiro/ros2_ws/src/mypkg': PYTHONPATH=/home/yukihiro/ros2_ws/src/mypkg/install/mypkg/lib/python3.8/site-packages:${PYTHONPATH} /usr/bin/python3 setup.py egg_info --egg-base build/mypkg build --build-base /home/yukihiro/ros2_ws/src/mypkg/build/mypkg/build install --prefix /home/yukihiro/ros2_ws/src/mypkg/install/mypkg --record /home/yukihiro/ros2_ws/src/mypkg/build/mypkg/install.log --single-version-externally-managed
[0.593s] running egg_info
[0.594s] creating build/mypkg/mypkg.egg-info
[0.594s] writing build/mypkg/mypkg.egg-info/PKG-INFO
[0.594s] writing dependency_links to build/mypkg/mypkg.egg-info/dependency_links.txt
[0.594s] writing entry points to build/mypkg/mypkg.egg-info/entry_points.txt
[0.594s] writing requirements to build/mypkg/mypkg.egg-info/requires.txt
[0.594s] writing top-level names to build/mypkg/mypkg.egg-info/top_level.txt
[0.595s] writing manifest file 'build/mypkg/mypkg.egg-info/SOURCES.txt'
[0.619s] reading manifest file 'build/mypkg/mypkg.egg-info/SOURCES.txt'
[0.619s] writing manifest file 'build/mypkg/mypkg.egg-info/SOURCES.txt'
[0.619s] running build
[0.620s] running build_py
[0.620s] creating /home/yukihiro/ros2_ws/src/mypkg/build/mypkg/build
[0.620s] creating /home/yukihiro/ros2_ws/src/mypkg/build/mypkg/build/lib
[0.620s] creating /home/yukihiro/ros2_ws/src/mypkg/build/mypkg/build/lib/mypkg
[0.620s] copying mypkg/talker.py -> /home/yukihiro/ros2_ws/src/mypkg/build/mypkg/build/lib/mypkg
[0.620s] copying mypkg/__init__.py -> /home/yukihiro/ros2_ws/src/mypkg/build/mypkg/build/lib/mypkg
[0.620s] copying mypkg/listener.py -> /home/yukihiro/ros2_ws/src/mypkg/build/mypkg/build/lib/mypkg
[0.620s] running install
[0.620s] running install_lib
[0.621s] creating /home/yukihiro/ros2_ws/src/mypkg/install/mypkg/lib/python3.8/site-packages/mypkg
[0.621s] copying /home/yukihiro/ros2_ws/src/mypkg/build/mypkg/build/lib/mypkg/talker.py -> /home/yukihiro/ros2_ws/src/mypkg/install/mypkg/lib/python3.8/site-packages/mypkg
[0.621s] copying /home/yukihiro/ros2_ws/src/mypkg/build/mypkg/build/lib/mypkg/__init__.py -> /home/yukihiro/ros2_ws/src/mypkg/install/mypkg/lib/python3.8/site-packages/mypkg
[0.621s] copying /home/yukihiro/ros2_ws/src/mypkg/build/mypkg/build/lib/mypkg/listener.py -> /home/yukihiro/ros2_ws/src/mypkg/install/mypkg/lib/python3.8/site-packages/mypkg
[0.621s] byte-compiling /home/yukihiro/ros2_ws/src/mypkg/install/mypkg/lib/python3.8/site-packages/mypkg/talker.py to talker.cpython-38.pyc
[0.622s] byte-compiling /home/yukihiro/ros2_ws/src/mypkg/install/mypkg/lib/python3.8/site-packages/mypkg/__init__.py to __init__.cpython-38.pyc
[0.623s] byte-compiling /home/yukihiro/ros2_ws/src/mypkg/install/mypkg/lib/python3.8/site-packages/mypkg/listener.py to listener.cpython-38.pyc
[0.623s] running install_data
[0.623s] creating /home/yukihiro/ros2_ws/src/mypkg/install/mypkg/share/ament_index
[0.623s] creating /home/yukihiro/ros2_ws/src/mypkg/install/mypkg/share/ament_index/resource_index
[0.623s] creating /home/yukihiro/ros2_ws/src/mypkg/install/mypkg/share/ament_index/resource_index/packages
[0.623s] copying resource/mypkg -> /home/yukihiro/ros2_ws/src/mypkg/install/mypkg/share/ament_index/resource_index/packages
[0.623s] copying package.xml -> /home/yukihiro/ros2_ws/src/mypkg/install/mypkg/share/mypkg
[0.623s] running install_egg_info
[0.624s] Copying build/mypkg/mypkg.egg-info to /home/yukihiro/ros2_ws/src/mypkg/install/mypkg/lib/python3.8/site-packages/mypkg-0.0.0-py3.8.egg-info
[0.625s] running install_scripts
[0.637s] Installing listener script to /home/yukihiro/ros2_ws/src/mypkg/install/mypkg/lib/mypkg
[0.638s] Installing talker script to /home/yukihiro/ros2_ws/src/mypkg/install/mypkg/lib/mypkg
[0.638s] writing list of installed files to '/home/yukihiro/ros2_ws/src/mypkg/build/mypkg/install.log'
[0.653s] Invoked command in '/home/yukihiro/ros2_ws/src/mypkg' returned '0': PYTHONPATH=/home/yukihiro/ros2_ws/src/mypkg/install/mypkg/lib/python3.8/site-packages:${PYTHONPATH} /usr/bin/python3 setup.py egg_info --egg-base build/mypkg build --build-base /home/yukihiro/ros2_ws/src/mypkg/build/mypkg/build install --prefix /home/yukihiro/ros2_ws/src/mypkg/install/mypkg --record /home/yukihiro/ros2_ws/src/mypkg/build/mypkg/install.log --single-version-externally-managed
