[0.113s] DEBUG:colcon:Command line arguments: ['/usr/bin/colcon', 'build']
[0.113s] DEBUG:colcon:Parsed command line arguments: Namespace(allow_overriding=[], ament_cmake_args=None, base_paths=['.'], build_base='build', catkin_cmake_args=None, catkin_skip_building_tests=False, cmake_args=None, cmake_clean_cache=False, cmake_clean_first=False, cmake_force_configure=False, cmake_target=None, cmake_target_skip_unavailable=False, continue_on_error=False, event_handlers=None, executor='parallel', ignore_user_meta=False, install_base='install', log_base=None, log_level=None, main=<bound method BuildVerb.main of <colcon_core.verb.build.BuildVerb object at 0x7f4deb806430>>, merge_install=False, metas=['./colcon.meta'], packages_above=None, packages_above_and_dependencies=None, packages_above_depth=None, packages_end=None, packages_ignore=None, packages_ignore_regex=None, packages_select=None, packages_select_build_failed=False, packages_select_by_dep=None, packages_select_regex=None, packages_select_test_failures=False, packages_skip=None, packages_skip_build_finished=False, packages_skip_by_dep=None, packages_skip_regex=None, packages_skip_test_passed=False, packages_skip_up_to=None, packages_start=None, packages_up_to=None, packages_up_to_regex=None, parallel_workers=8, paths=None, symlink_install=False, test_result_base=None, verb_extension=<colcon_core.verb.build.BuildVerb object at 0x7f4deb806430>, verb_name='build', verb_parser=<colcon_defaults.argument_parser.defaults.DefaultArgumentsDecorator object at 0x7f4deb806970>)
[0.132s] Level 1:colcon.colcon_core.package_discovery:discover_packages(colcon_meta) check parameters
[0.132s] Level 1:colcon.colcon_core.package_discovery:discover_packages(recursive) check parameters
[0.132s] Level 1:colcon.colcon_core.package_discovery:discover_packages(ignore) check parameters
[0.132s] Level 1:colcon.colcon_core.package_discovery:discover_packages(path) check parameters
[0.132s] Level 1:colcon.colcon_core.package_discovery:discover_packages(colcon_meta) discover
[0.132s] Level 1:colcon.colcon_core.package_discovery:discover_packages(recursive) discover
[0.132s] INFO:colcon.colcon_core.package_discovery:Crawling recursively for packages in '/home/yukihiro/ros2_ws/src/mypkg'
[0.132s] Level 1:colcon.colcon_core.package_identification:_identify(.) by extensions ['ignore', 'ignore_ament_install']
[0.132s] Level 1:colcon.colcon_core.package_identification:_identify(.) by extension 'ignore'
[0.132s] Level 1:colcon.colcon_core.package_identification:_identify(.) by extension 'ignore_ament_install'
[0.132s] Level 1:colcon.colcon_core.package_identification:_identify(.) by extensions ['colcon_pkg']
[0.132s] Level 1:colcon.colcon_core.package_identification:_identify(.) by extension 'colcon_pkg'
[0.132s] Level 1:colcon.colcon_core.package_identification:_identify(.) by extensions ['colcon_meta']
[0.132s] Level 1:colcon.colcon_core.package_identification:_identify(.) by extension 'colcon_meta'
[0.132s] Level 1:colcon.colcon_core.package_identification:_identify(.) by extensions ['ros']
[0.132s] Level 1:colcon.colcon_core.package_identification:_identify(.) by extension 'ros'
[0.142s] DEBUG:colcon.colcon_core.package_identification:Package '.' with type 'ros.ament_python' and name 'mypkg'
[0.142s] Level 1:colcon.colcon_core.package_discovery:discover_packages(recursive) using defaults
[0.142s] Level 1:colcon.colcon_core.package_discovery:discover_packages(ignore) discover
[0.142s] Level 1:colcon.colcon_core.package_discovery:discover_packages(ignore) using defaults
[0.142s] Level 1:colcon.colcon_core.package_discovery:discover_packages(path) discover
[0.142s] Level 1:colcon.colcon_core.package_discovery:discover_packages(path) using defaults
[0.165s] Level 1:colcon.colcon_core.package_discovery:discover_packages(prefix_path) check parameters
[0.166s] Level 1:colcon.colcon_core.package_discovery:discover_packages(prefix_path) discover
[0.167s] DEBUG:colcon.colcon_installed_package_information.package_discovery:Found 1 installed packages in /home/yukihiro/ros2_ws/install
[0.169s] DEBUG:colcon.colcon_installed_package_information.package_discovery:Found 256 installed packages in /opt/ros/foxy
[0.170s] Level 1:colcon.colcon_core.package_discovery:discover_packages(prefix_path) using defaults
[0.221s] Level 5:colcon.colcon_core.verb:set package 'mypkg' build argument 'cmake_args' from command line to 'None'
[0.221s] Level 5:colcon.colcon_core.verb:set package 'mypkg' build argument 'cmake_target' from command line to 'None'
[0.221s] Level 5:colcon.colcon_core.verb:set package 'mypkg' build argument 'cmake_target_skip_unavailable' from command line to 'False'
[0.221s] Level 5:colcon.colcon_core.verb:set package 'mypkg' build argument 'cmake_clean_cache' from command line to 'False'
[0.221s] Level 5:colcon.colcon_core.verb:set package 'mypkg' build argument 'cmake_clean_first' from command line to 'False'
[0.221s] Level 5:colcon.colcon_core.verb:set package 'mypkg' build argument 'cmake_force_configure' from command line to 'False'
[0.221s] Level 5:colcon.colcon_core.verb:set package 'mypkg' build argument 'ament_cmake_args' from command line to 'None'
[0.221s] Level 5:colcon.colcon_core.verb:set package 'mypkg' build argument 'catkin_cmake_args' from command line to 'None'
[0.221s] Level 5:colcon.colcon_core.verb:set package 'mypkg' build argument 'catkin_skip_building_tests' from command line to 'False'
[0.222s] DEBUG:colcon.colcon_core.verb:Building package 'mypkg' with the following arguments: {'ament_cmake_args': None, 'build_base': '/home/yukihiro/ros2_ws/src/mypkg/build/mypkg', 'catkin_cmake_args': None, 'catkin_skip_building_tests': False, 'cmake_args': None, 'cmake_clean_cache': False, 'cmake_clean_first': False, 'cmake_force_configure': False, 'cmake_target': None, 'cmake_target_skip_unavailable': False, 'install_base': '/home/yukihiro/ros2_ws/src/mypkg/install/mypkg', 'merge_install': False, 'path': '/home/yukihiro/ros2_ws/src/mypkg', 'symlink_install': False, 'test_result_base': None}
[0.222s] INFO:colcon.colcon_core.executor:Executing jobs using 'parallel' executor
[0.226s] DEBUG:colcon.colcon_parallel_executor.executor.parallel:run_until_complete
[0.226s] INFO:colcon.colcon_ros.task.ament_python.build:Building ROS package in '/home/yukihiro/ros2_ws/src/mypkg' with build type 'ament_python'
[0.226s] Level 1:colcon.colcon_core.shell:create_environment_hook('mypkg', 'ament_prefix_path')
[0.229s] INFO:colcon.colcon_core.plugin_system:Skipping extension 'colcon_core.shell.bat': Not used on non-Windows systems
[0.229s] INFO:colcon.colcon_core.shell:Creating environment hook '/home/yukihiro/ros2_ws/src/mypkg/install/mypkg/share/mypkg/hook/ament_prefix_path.ps1'
[0.229s] INFO:colcon.colcon_core.shell:Creating environment descriptor '/home/yukihiro/ros2_ws/src/mypkg/install/mypkg/share/mypkg/hook/ament_prefix_path.dsv'
[0.230s] INFO:colcon.colcon_core.shell:Creating environment hook '/home/yukihiro/ros2_ws/src/mypkg/install/mypkg/share/mypkg/hook/ament_prefix_path.sh'
[0.231s] INFO:colcon.colcon_core.shell:Skip shell extension 'powershell' for command environment: Not usable outside of PowerShell
[0.231s] DEBUG:colcon.colcon_core.shell:Skip shell extension 'dsv' for command environment
[0.391s] INFO:colcon.colcon_core.task.python.build:Building Python package in '/home/yukihiro/ros2_ws/src/mypkg'
[0.393s] INFO:colcon.colcon_core.shell:Skip shell extension 'powershell' for command environment: Not usable outside of PowerShell
[0.393s] DEBUG:colcon.colcon_core.shell:Skip shell extension 'dsv' for command environment
[0.663s] DEBUG:colcon.colcon_core.event_handler.log_command:Invoking command in '/home/yukihiro/ros2_ws/src/mypkg': PYTHONPATH=/home/yukihiro/ros2_ws/src/mypkg/install/mypkg/lib/python3.8/site-packages:${PYTHONPATH} /usr/bin/python3 setup.py egg_info --egg-base build/mypkg build --build-base /home/yukihiro/ros2_ws/src/mypkg/build/mypkg/build install --prefix /home/yukihiro/ros2_ws/src/mypkg/install/mypkg --record /home/yukihiro/ros2_ws/src/mypkg/build/mypkg/install.log --single-version-externally-managed
[0.879s] DEBUG:colcon.colcon_core.event_handler.log_command:Invoked command in '/home/yukihiro/ros2_ws/src/mypkg' returned '0': PYTHONPATH=/home/yukihiro/ros2_ws/src/mypkg/install/mypkg/lib/python3.8/site-packages:${PYTHONPATH} /usr/bin/python3 setup.py egg_info --egg-base build/mypkg build --build-base /home/yukihiro/ros2_ws/src/mypkg/build/mypkg/build install --prefix /home/yukihiro/ros2_ws/src/mypkg/install/mypkg --record /home/yukihiro/ros2_ws/src/mypkg/build/mypkg/install.log --single-version-externally-managed
[0.883s] Level 1:colcon.colcon_core.environment:checking '/home/yukihiro/ros2_ws/src/mypkg/install/mypkg' for CMake module files
[0.884s] Level 1:colcon.colcon_core.environment:checking '/home/yukihiro/ros2_ws/src/mypkg/install/mypkg' for CMake config files
[0.884s] Level 1:colcon.colcon_core.environment:checking '/home/yukihiro/ros2_ws/src/mypkg/install/mypkg/lib'
[0.884s] Level 1:colcon.colcon_core.environment:checking '/home/yukihiro/ros2_ws/src/mypkg/install/mypkg/bin'
[0.884s] Level 1:colcon.colcon_core.environment:checking '/home/yukihiro/ros2_ws/src/mypkg/install/mypkg/lib/pkgconfig/mypkg.pc'
[0.885s] Level 1:colcon.colcon_core.environment:checking '/home/yukihiro/ros2_ws/src/mypkg/install/mypkg/lib/python3.8/site-packages'
[0.885s] Level 1:colcon.colcon_core.shell:create_environment_hook('mypkg', 'pythonpath')
[0.886s] INFO:colcon.colcon_core.shell:Creating environment hook '/home/yukihiro/ros2_ws/src/mypkg/install/mypkg/share/mypkg/hook/pythonpath.ps1'
[0.886s] INFO:colcon.colcon_core.shell:Creating environment descriptor '/home/yukihiro/ros2_ws/src/mypkg/install/mypkg/share/mypkg/hook/pythonpath.dsv'
[0.887s] INFO:colcon.colcon_core.shell:Creating environment hook '/home/yukihiro/ros2_ws/src/mypkg/install/mypkg/share/mypkg/hook/pythonpath.sh'
[0.887s] Level 1:colcon.colcon_core.environment:checking '/home/yukihiro/ros2_ws/src/mypkg/install/mypkg/bin'
[0.887s] Level 1:colcon.colcon_core.environment:create_environment_scripts_only(mypkg)
[0.888s] INFO:colcon.colcon_core.shell:Creating package script '/home/yukihiro/ros2_ws/src/mypkg/install/mypkg/share/mypkg/package.ps1'
[0.889s] INFO:colcon.colcon_core.shell:Creating package descriptor '/home/yukihiro/ros2_ws/src/mypkg/install/mypkg/share/mypkg/package.dsv'
[0.890s] INFO:colcon.colcon_core.shell:Creating package script '/home/yukihiro/ros2_ws/src/mypkg/install/mypkg/share/mypkg/package.sh'
[0.890s] INFO:colcon.colcon_core.shell:Creating package script '/home/yukihiro/ros2_ws/src/mypkg/install/mypkg/share/mypkg/package.bash'
[0.891s] INFO:colcon.colcon_core.shell:Creating package script '/home/yukihiro/ros2_ws/src/mypkg/install/mypkg/share/mypkg/package.zsh'
[0.891s] Level 1:colcon.colcon_core.environment:create_file_with_runtime_dependencies(/home/yukihiro/ros2_ws/src/mypkg/install/mypkg/share/colcon-core/packages/mypkg)
[0.892s] DEBUG:colcon.colcon_parallel_executor.executor.parallel:closing loop
[0.892s] DEBUG:colcon.colcon_parallel_executor.executor.parallel:loop closed
[0.892s] DEBUG:colcon.colcon_parallel_executor.executor.parallel:run_until_complete finished with '0'
[0.892s] DEBUG:colcon.colcon_core.event_reactor:joining thread
[0.897s] INFO:colcon.colcon_core.plugin_system:Skipping extension 'colcon_notification.desktop_notification.terminal_notifier': Not used on non-Darwin systems
[0.897s] INFO:colcon.colcon_core.plugin_system:Skipping extension 'colcon_notification.desktop_notification.win32': Not used on non-Windows systems
[0.898s] INFO:colcon.colcon_notification.desktop_notification:Sending desktop notification using 'notify2'
[0.911s] DEBUG:colcon.colcon_core.event_reactor:joined thread
[0.913s] INFO:colcon.colcon_core.shell:Creating prefix script '/home/yukihiro/ros2_ws/src/mypkg/install/local_setup.ps1'
[0.914s] INFO:colcon.colcon_core.shell:Creating prefix util module '/home/yukihiro/ros2_ws/src/mypkg/install/_local_setup_util_ps1.py'
[0.915s] INFO:colcon.colcon_core.shell:Creating prefix chain script '/home/yukihiro/ros2_ws/src/mypkg/install/setup.ps1'
[0.916s] INFO:colcon.colcon_core.shell:Creating prefix script '/home/yukihiro/ros2_ws/src/mypkg/install/local_setup.sh'
[0.917s] INFO:colcon.colcon_core.shell:Creating prefix util module '/home/yukihiro/ros2_ws/src/mypkg/install/_local_setup_util_sh.py'
[0.917s] INFO:colcon.colcon_core.shell:Creating prefix chain script '/home/yukihiro/ros2_ws/src/mypkg/install/setup.sh'
[0.919s] INFO:colcon.colcon_core.shell:Creating prefix script '/home/yukihiro/ros2_ws/src/mypkg/install/local_setup.bash'
[0.919s] INFO:colcon.colcon_core.shell:Creating prefix chain script '/home/yukihiro/ros2_ws/src/mypkg/install/setup.bash'
[0.920s] INFO:colcon.colcon_core.shell:Creating prefix script '/home/yukihiro/ros2_ws/src/mypkg/install/local_setup.zsh'
[0.921s] INFO:colcon.colcon_core.shell:Creating prefix chain script '/home/yukihiro/ros2_ws/src/mypkg/install/setup.zsh'
